0 info it worked if it ends with ok
<<<<<<< HEAD
1 verbose cli [ '/home/linux/.nvm/versions/node/v6.11.0/bin/node',
1 verbose cli   '/home/linux/.nvm/versions/node/v6.11.0/bin/npm',
1 verbose cli   'start' ]
=======
1 verbose cli [ '/usr/bin/nodejs', '/usr/bin/npm', 'start' ]
>>>>>>> b48b8dab503df75650235a9369eab8fa90f04866
2 info using npm@3.10.10
3 info using node@v6.11.0
4 verbose run-script [ 'prestart', 'start', 'poststart' ]
5 info lifecycle mini-mango@0.0.0~prestart: mini-mango@0.0.0
6 silly lifecycle mini-mango@0.0.0~prestart: no script for prestart, continuing
7 info lifecycle mini-mango@0.0.0~start: mini-mango@0.0.0
8 verbose lifecycle mini-mango@0.0.0~start: unsafe-perm in lifecycle true
<<<<<<< HEAD
9 verbose lifecycle mini-mango@0.0.0~start: PATH: /usr/lib/node_modules/npm/bin/node-gyp-bin:/home/linux/huangwenqian/node/mango问答/node_modules/.bin:/usr/local/sbin:/usr/local/bin:/usr/sbin:/usr/bin:/sbin:/bin:/usr/games:/usr/local/games:/snap/bin
10 verbose lifecycle mini-mango@0.0.0~start: CWD: /home/linux/huangwenqian/node/mango问答
=======
<<<<<<< HEAD
9 verbose lifecycle mini-mango@0.0.0~start: PATH: /home/linux/.nvm/versions/node/v6.11.0/lib/node_modules/npm/bin/node-gyp-bin:/home/linux/dome/Mini-Mango/Mini-mango/node_modules/.bin:/home/linux/.nvm/versions/node/v6.11.0/bin:/usr/local/sbin:/usr/local/bin:/usr/sbin:/usr/bin:/sbin:/bin:/usr/games:/usr/local/games:/snap/bin:/usr/local/node-v6.10.1-linux-x64/bin:/snap/bin
10 verbose lifecycle mini-mango@0.0.0~start: CWD: /home/linux/dome/Mini-Mango/Mini-mango
=======
<<<<<<< HEAD
9 verbose lifecycle mini-mango@0.0.0~start: PATH: /usr/lib/node_modules/npm/bin/node-gyp-bin:/home/linux/huangwenqian/node/mango问答/node_modules/.bin:/usr/local/sbin:/usr/local/bin:/usr/sbin:/usr/bin:/sbin:/bin:/usr/games:/usr/local/games:/snap/bin
10 verbose lifecycle mini-mango@0.0.0~start: CWD: /home/linux/huangwenqian/node/mango问答
=======
<<<<<<< HEAD
9 verbose lifecycle mini-mango@0.0.0~start: PATH: /usr/lib/node_modules/npm/bin/node-gyp-bin:/home/linux/nodejs/mini-mango/node_modules/.bin:/usr/local/sbin:/usr/local/bin:/usr/sbin:/usr/bin:/sbin:/bin:/usr/games:/usr/local/games:/snap/bin
10 verbose lifecycle mini-mango@0.0.0~start: CWD: /home/linux/nodejs/mini-mango
=======
9 verbose lifecycle mini-mango@0.0.0~start: PATH: /usr/lib/node_modules/npm/bin/node-gyp-bin:/home/lzy/桌面/problem/mango/node_modules/.bin:/usr/local/sbin:/usr/local/bin:/usr/sbin:/usr/bin:/sbin:/bin:/usr/games:/usr/local/games:/snap/bin:/usr/local/node-v6.10.1-linux-x64/bin
10 verbose lifecycle mini-mango@0.0.0~start: CWD: /home/lzy/桌面/problem/mango
>>>>>>> 49ebf731274822b96b102ef87003f651c8358662
>>>>>>> 7a0fb804d3534c7fc66c5d0720e9a0e1e6e52f19
>>>>>>> b48b8dab503df75650235a9369eab8fa90f04866
>>>>>>> 99eb36845bbbf8981f01ca6b515cd2d46a088c08
11 silly lifecycle mini-mango@0.0.0~start: Args: [ '-c', 'node ./bin/www' ]
12 silly lifecycle mini-mango@0.0.0~start: Returned: code: 1  signal: null
13 info lifecycle mini-mango@0.0.0~start: Failed to exec start script
14 verbose stack Error: mini-mango@0.0.0 start: `node ./bin/www`
14 verbose stack Exit status 1
<<<<<<< HEAD
14 verbose stack     at EventEmitter.<anonymous> (/home/linux/.nvm/versions/node/v6.11.0/lib/node_modules/npm/lib/utils/lifecycle.js:255:16)
14 verbose stack     at emitTwo (events.js:106:13)
14 verbose stack     at EventEmitter.emit (events.js:191:7)
14 verbose stack     at ChildProcess.<anonymous> (/home/linux/.nvm/versions/node/v6.11.0/lib/node_modules/npm/lib/utils/spawn.js:40:14)
=======
14 verbose stack     at EventEmitter.<anonymous> (/usr/lib/node_modules/npm/lib/utils/lifecycle.js:255:16)
14 verbose stack     at emitTwo (events.js:106:13)
14 verbose stack     at EventEmitter.emit (events.js:191:7)
14 verbose stack     at ChildProcess.<anonymous> (/usr/lib/node_modules/npm/lib/utils/spawn.js:40:14)
>>>>>>> b48b8dab503df75650235a9369eab8fa90f04866
14 verbose stack     at emitTwo (events.js:106:13)
14 verbose stack     at ChildProcess.emit (events.js:191:7)
14 verbose stack     at maybeClose (internal/child_process.js:891:16)
14 verbose stack     at Process.ChildProcess._handle.onexit (internal/child_process.js:226:5)
15 verbose pkgid mini-mango@0.0.0
<<<<<<< HEAD
=======
<<<<<<< HEAD
16 verbose cwd /home/linux/dome/Mini-Mango/Mini-mango
17 error Linux 4.4.0-83-generic
18 error argv "/home/linux/.nvm/versions/node/v6.11.0/bin/node" "/home/linux/.nvm/versions/node/v6.11.0/bin/npm" "start"
19 error node v6.11.0
=======
<<<<<<< HEAD
>>>>>>> 99eb36845bbbf8981f01ca6b515cd2d46a088c08
16 verbose cwd /home/linux/huangwenqian/node/mango问答
17 error Linux 4.4.0-83-generic
18 error argv "/usr/bin/nodejs" "/usr/bin/npm" "start"
19 error node v6.11.0
<<<<<<< HEAD
=======
=======
<<<<<<< HEAD
16 verbose cwd /home/linux/nodejs/mini-mango
17 error Linux 4.4.0-83-generic
18 error argv "/usr/bin/nodejs" "/usr/bin/npm" "start"
19 error node v6.11.0
=======
16 verbose cwd /home/lzy/桌面/problem/mango
17 error Linux 4.4.0-83-generic
18 error argv "/usr/bin/nodejs" "/usr/bin/npm" "start"
19 error node v6.10.2
>>>>>>> 49ebf731274822b96b102ef87003f651c8358662
>>>>>>> 7a0fb804d3534c7fc66c5d0720e9a0e1e6e52f19
>>>>>>> b48b8dab503df75650235a9369eab8fa90f04866
>>>>>>> 99eb36845bbbf8981f01ca6b515cd2d46a088c08
20 error npm  v3.10.10
21 error code ELIFECYCLE
22 error mini-mango@0.0.0 start: `node ./bin/www`
22 error Exit status 1
23 error Failed at the mini-mango@0.0.0 start script 'node ./bin/www'.
23 error Make sure you have the latest version of node.js and npm installed.
23 error If you do, this is most likely a problem with the mini-mango package,
23 error not with npm itself.
23 error Tell the author that this fails on your system:
23 error     node ./bin/www
23 error You can get information on how to open an issue for this project with:
23 error     npm bugs mini-mango
23 error Or if that isn't available, you can get their info via:
23 error     npm owner ls mini-mango
23 error There is likely additional logging output above.
24 verbose exit [ 1, true ]
